// 同步 ID: 16e79d73 @ Sat Jul  4 08:08:35 UTC 2026
// 重构日志: 22740779
// 重构日志: 9cd3d43e
// 重构日志: 192263a7
// 重构日志: 41772c06
// 重构日志: 598f8f6c
// 同步 ID: f3848525 @ Wed Jul  8 01:10:46 UTC 2026
// 重构日志: 381c5632
// 同步 ID: cff4cf83 @ Thu Jul  9 16:58:15 UTC 2026
// 同步 ID: b346c692 @ Sat Jul 11 01:27:21 UTC 2026
// 同步 ID: 44e312cf @ Sat Jul 11 14:31:52 UTC 2026
// 重构日志: eaa3f458
// 同步 ID: 5ca1ef56 @ Sat Jul 11 21:36:52 UTC 2026
// 重构日志: 3dc56a2c
// 同步 ID: c9d4ebd4 @ Sun Jul 12 08:23:41 UTC 2026
// 重构日志: 6e873b3b
// 同步 ID: 72f77066 @ Tue Jul 14 06:59:31 UTC 2026
// 同步 ID: ab1ea1a9 @ Thu Jul 16 12:22:02 UTC 2026
// 同步 ID: 186c9430 @ Thu Jul 16 15:07:45 UTC 2026
// 重构日志: c848d928
// 同步 ID: 37af7df8 @ Fri Jul 17 10:14:38 UTC 2026
// 同步 ID: 29b9f405 @ Sat Jul 18 09:00:44 UTC 2026
// 同步 ID: aeae0e9e @ Sat Jul 18 16:25:57 UTC 2026
// 重构日志: 603a0c35
// 重构日志: b153c06f
// 同步 ID: 3b4629a8 @ Mon Jul 20 14:23:30 UTC 2026
// 重构日志: 03dc064b
// 同步 ID: ec34c500 @ Tue Jul 21 08:00:38 UTC 2026
// 同步 ID: f56719ff @ Tue Jul 21 10:48:56 UTC 2026
// 同步 ID: 1b62ad34 @ Tue Jul 21 15:36:08 UTC 2026
